<?xml version="1.0" encoding="utf-8"?><testsuites name="pytest tests"><testsuite name="pytest" errors="0" failures="0" skipped="1" tests="46" time="7.902" timestamp="2026-05-01T08:53:06.546883+00:00" hostname="agent-env-b3ec6521-dff8-42ed-a05d-4f5e603187d1"><testcase classname="backend.tests.test_bingo_blast.TestHealth" name="test_root" time="0.243" /><testcase classname="backend.tests.test_bingo_blast.TestGuestAndUser" name="test_guest_login_creates_user_with_500" time="0.050" /><testcase classname="backend.tests.test_bingo_blast.TestGuestAndUser" name="test_guest_login_idempotent_by_device" time="0.053" /><testcase classname="backend.tests.test_bingo_blast.TestGuestAndUser" name="test_get_user" time="0.050" /><testcase classname="backend.tests.test_bingo_blast.TestGuestAndUser" name="test_get_user_not_found" time="0.045" /><testcase classname="backend.tests.test_bingo_blast.TestDailyReward" name="test_claim_grants_bcoins" time="0.049" /><testcase classname="backend.tests.test_bingo_blast.TestDailyReward" name="test_claim_blocked_within_20h" time="0.044" /><testcase classname="backend.tests.test_bingo_blast.TestSpinWheel" name="test_spin" time="0.103" /><testcase classname="backend.tests.test_bingo_blast.TestSpinWheel" name="test_spin_cooldown" time="0.043" /><testcase classname="backend.tests.test_bingo_blast.TestRooms" name="test_create_room" time="0.049" /><testcase classname="backend.tests.test_bingo_blast.TestRooms" name="test_list_rooms" time="0.045" /><testcase classname="backend.tests.test_bingo_blast.TestRooms" name="test_list_rooms_filters" time="0.132" /><testcase classname="backend.tests.test_bingo_blast.TestRooms" name="test_join_room" time="0.046" /><testcase classname="backend.tests.test_bingo_blast.TestComputerMatch" name="test_create_match" time="0.047" /><testcase classname="backend.tests.test_bingo_blast.TestComputerMatch" name="test_call_number" time="0.045" /><testcase classname="backend.tests.test_bingo_blast.TestComputerMatch" name="test_invalid_claim_finishes_match" time="0.093" /><testcase classname="backend.tests.test_bingo_blast.TestMisc" name="test_leaderboard" time="0.044" /><testcase classname="backend.tests.test_bingo_blast.TestMisc" name="test_tournaments" time="0.047" /><testcase classname="backend.tests.test_bingo_blast.TestMisc" name="test_tournament_register" time="0.046" /><testcase classname="backend.tests.test_bingo_blast.TestMisc" name="test_achievements" time="0.044" /><testcase classname="backend.tests.test_bingo_blast.TestMisc" name="test_transactions" time="0.043" /><testcase classname="backend.tests.test_bingo_blast.TestMisc" name="test_shop_items" time="0.047" /><testcase classname="backend.tests.test_bingo_blast.TestFriends" name="test_add_friend" time="0.048" /><testcase classname="backend.tests.test_bingo_blast.TestFriends" name="test_friends_list" time="0.043" /><testcase classname="backend.tests.test_bingo_blast.TestRazorpayMocked" name="test_create_order_mocked" time="0.045" /><testcase classname="backend.tests.test_bingo_blast.TestRazorpayMocked" name="test_verify_grants_bcoins" time="0.149" /><testcase classname="backend.tests.test_bingo_blast.TestWebSocket" name="test_ws_room_state_and_start" time="3.296" /><testcase classname="backend.tests.test_engagement_phases.TestGuestLoginExtras" name="test_guest_has_phase_fields" time="0.045" /><testcase classname="backend.tests.test_engagement_phases.TestMissions" name="test_get_missions_returns_3" time="0.045" /><testcase classname="backend.tests.test_engagement_phases.TestMissions" name="test_claim_incomplete_rejected" time="0.045" /><testcase classname="backend.tests.test_engagement_phases.TestMissions" name="test_claim_unknown_mission" time="0.044" /><testcase classname="backend.tests.test_engagement_phases.TestBattlePass" name="test_bp_structure" time="0.045" /><testcase classname="backend.tests.test_engagement_phases.TestBattlePass" name="test_bp_claim_without_xp_rejected" time="0.043" /><testcase classname="backend.tests.test_engagement_phases.TestBattlePass" name="test_bp_claim_premium_without_pass_rejected" time="0.047" /><testcase classname="backend.tests.test_engagement_phases.TestBattlePass" name="test_activate_premium" time="0.087" /><testcase classname="backend.tests.test_engagement_phases.TestCollection" name="test_get_collection" time="0.048" /><testcase classname="backend.tests.test_engagement_phases.TestCollection" name="test_claim_incomplete_rejected" time="0.081" /><testcase classname="backend.tests.test_engagement_phases.TestStreak" name="test_get_streak" time="0.045" /><testcase classname="backend.tests.test_engagement_phases.TestStreak" name="test_daily_claim_returns_streak_info" time="0.043" /><testcase classname="backend.tests.test_engagement_phases.TestEvent" name="test_event_current" time="0.044" /><testcase classname="backend.tests.test_engagement_phases.TestComputerMatchPhaseA" name="test_multi_card_create" time="0.052" /><testcase classname="backend.tests.test_engagement_phases.TestComputerMatchPhaseA" name="test_dab_stats_increment" time="0.130" /><testcase classname="backend.tests.test_engagement_phases.TestComputerMatchPhaseA" name="test_use_powerup_reveal" time="0.043" /><testcase classname="backend.tests.test_engagement_phases.TestComputerMatchPhaseA" name="test_claim_bingo_with_uncalled_number_rejected" time="0.088" /><testcase classname="backend.tests.test_engagement_phases.TestComputerMatchPhaseA" name="test_claim_bingo_valid_line" time="1.790"><skipped type="pytest.skip" message="bot won before we could dab">/app/backend/tests/test_engagement_phases.py:254: bot won before we could dab</skipped></testcase><testcase classname="backend.tests.test_engagement_phases.TestEnsureExtras" name="test_get_user_backfills" time="0.044" /></testsuite></testsuites>