<?xml version="1.0" encoding="utf-8"?><testsuites name="pytest tests"><testsuite name="pytest" errors="0" failures="0" skipped="0" tests="27" time="5.283" timestamp="2026-05-01T08:24:52.679434+00:00" hostname="agent-env-b3ec6521-dff8-42ed-a05d-4f5e603187d1"><testcase classname="backend.tests.test_bingo_blast.TestHealth" name="test_root" time="0.271" /><testcase classname="backend.tests.test_bingo_blast.TestGuestAndUser" name="test_guest_login_creates_user_with_500" time="0.054" /><testcase classname="backend.tests.test_bingo_blast.TestGuestAndUser" name="test_guest_login_idempotent_by_device" time="0.050" /><testcase classname="backend.tests.test_bingo_blast.TestGuestAndUser" name="test_get_user" time="0.051" /><testcase classname="backend.tests.test_bingo_blast.TestGuestAndUser" name="test_get_user_not_found" time="0.051" /><testcase classname="backend.tests.test_bingo_blast.TestDailyReward" name="test_claim_grants_bcoins" time="0.063" /><testcase classname="backend.tests.test_bingo_blast.TestDailyReward" name="test_claim_blocked_within_20h" time="0.049" /><testcase classname="backend.tests.test_bingo_blast.TestSpinWheel" name="test_spin" time="0.107" /><testcase classname="backend.tests.test_bingo_blast.TestSpinWheel" name="test_spin_cooldown" time="0.049" /><testcase classname="backend.tests.test_bingo_blast.TestRooms" name="test_create_room" time="0.070" /><testcase classname="backend.tests.test_bingo_blast.TestRooms" name="test_list_rooms" time="0.052" /><testcase classname="backend.tests.test_bingo_blast.TestRooms" name="test_list_rooms_filters" time="0.153" /><testcase classname="backend.tests.test_bingo_blast.TestRooms" name="test_join_room" time="0.052" /><testcase classname="backend.tests.test_bingo_blast.TestComputerMatch" name="test_create_match" time="0.060" /><testcase classname="backend.tests.test_bingo_blast.TestComputerMatch" name="test_call_number" time="0.051" /><testcase classname="backend.tests.test_bingo_blast.TestComputerMatch" name="test_invalid_claim_finishes_match" time="0.106" /><testcase classname="backend.tests.test_bingo_blast.TestMisc" name="test_leaderboard" time="0.050" /><testcase classname="backend.tests.test_bingo_blast.TestMisc" name="test_tournaments" time="0.048" /><testcase classname="backend.tests.test_bingo_blast.TestMisc" name="test_tournament_register" time="0.055" /><testcase classname="backend.tests.test_bingo_blast.TestMisc" name="test_achievements" time="0.052" /><testcase classname="backend.tests.test_bingo_blast.TestMisc" name="test_transactions" time="0.050" /><testcase classname="backend.tests.test_bingo_blast.TestMisc" name="test_shop_items" time="0.051" /><testcase classname="backend.tests.test_bingo_blast.TestFriends" name="test_add_friend" time="0.057" /><testcase classname="backend.tests.test_bingo_blast.TestFriends" name="test_friends_list" time="0.050" /><testcase classname="backend.tests.test_bingo_blast.TestRazorpayMocked" name="test_create_order_mocked" time="0.051" /><testcase classname="backend.tests.test_bingo_blast.TestRazorpayMocked" name="test_verify_grants_bcoins" time="0.164" /><testcase classname="backend.tests.test_bingo_blast.TestWebSocket" name="test_ws_room_state_and_start" time="3.312" /></testsuite></testsuites>